c:\users\k023g\source\repos\ge3\cg2directxgame\x64\debug\d3dresourceleakchecker.obj
c:\users\k023g\source\repos\ge3\cg2directxgame\x64\debug\input.obj
c:\users\k023g\source\repos\ge3\cg2directxgame\x64\debug\main.obj
c:\users\k023g\source\repos\ge3\cg2directxgame\x64\debug\imgui.obj
c:\users\k023g\source\repos\ge3\cg2directxgame\x64\debug\imgui_draw.obj
c:\users\k023g\source\repos\ge3\cg2directxgame\x64\debug\imgui_tables.obj
c:\users\k023g\source\repos\ge3\cg2directxgame\x64\debug\winapp.obj
c:\users\k023g\source\repos\ge3\cg2directxgame\x64\debug\stringutility.obj
c:\users\k023g\source\repos\ge3\cg2directxgame\x64\debug\imgui_widgets.obj
c:\users\k023g\source\repos\ge3\cg2directxgame\x64\debug\imgui_impl_dx12.obj
c:\users\k023g\source\repos\ge3\cg2directxgame\x64\debug\imgui_demo.obj
c:\users\k023g\source\repos\ge3\cg2directxgame\x64\debug\mymath.obj
c:\users\k023g\source\repos\ge3\cg2directxgame\x64\debug\imgui_impl_win32.obj
c:\users\k023g\source\repos\ge3\cg2directxgame\x64\debug\logger.obj
c:\users\k023g\source\repos\ge3\x64\debug\cg2directxgame.exe
c:\users\k023g\source\repos\ge3\x64\debug\cg2directxgame.pdb
c:\users\k023g\source\repos\ge3\cg2directxgame\x64\debug\cg2directxgame.ilk
c:\users\k023g\source\repos\ge3\cg2directxgame\x64\debug\vc143.idb
c:\users\k023g\source\repos\ge3\cg2directxgame\x64\debug\vc143.pdb
c:\users\k023g\source\repos\ge3\cg2directxgame\x64\debug\cg2directxgame.tlog\cl.command.1.tlog
c:\users\k023g\source\repos\ge3\cg2directxgame\x64\debug\cg2directxgame.tlog\cl.items.tlog
c:\users\k023g\source\repos\ge3\cg2directxgame\x64\debug\cg2directxgame.tlog\cl.read.1.tlog
c:\users\k023g\source\repos\ge3\cg2directxgame\x64\debug\cg2directxgame.tlog\cl.write.1.tlog
c:\users\k023g\source\repos\ge3\cg2directxgame\x64\debug\cg2directxgame.tlog\link.command.1.tlog
c:\users\k023g\source\repos\ge3\cg2directxgame\x64\debug\cg2directxgame.tlog\link.read.1.tlog
c:\users\k023g\source\repos\ge3\cg2directxgame\x64\debug\cg2directxgame.tlog\link.secondary.1.tlog
c:\users\k023g\source\repos\ge3\cg2directxgame\x64\debug\cg2directxgame.tlog\link.write.1.tlog
