c:\users\k023g\source\repos\cg2-ge3\cg2directxgame\cg2directxgame\x64\release\main.obj
c:\users\k023g\source\repos\cg2-ge3\cg2directxgame\cg2directxgame\x64\release\imgui_impl_dx12.obj
c:\users\k023g\source\repos\cg2-ge3\cg2directxgame\cg2directxgame\x64\release\input.obj
c:\users\k023g\source\repos\cg2-ge3\cg2directxgame\cg2directxgame\x64\release\mymath.obj
c:\users\k023g\source\repos\cg2-ge3\cg2directxgame\cg2directxgame\x64\release\imgui_widgets.obj
c:\users\k023g\source\repos\cg2-ge3\cg2directxgame\cg2directxgame\x64\release\winapp.obj
c:\users\k023g\source\repos\cg2-ge3\cg2directxgame\cg2directxgame\x64\release\imgui_demo.obj
c:\users\k023g\source\repos\cg2-ge3\cg2directxgame\cg2directxgame\x64\release\imgui_tables.obj
c:\users\k023g\source\repos\cg2-ge3\cg2directxgame\cg2directxgame\x64\release\imgui.obj
c:\users\k023g\source\repos\cg2-ge3\cg2directxgame\cg2directxgame\x64\release\imgui_impl_win32.obj
c:\users\k023g\source\repos\cg2-ge3\cg2directxgame\cg2directxgame\x64\release\imgui_draw.obj
c:\users\k023g\source\repos\cg2-ge3\cg2directxgame\cg2directxgame\x64\release\vc143.pdb
c:\users\k023g\source\repos\cg2-ge3\cg2directxgame\cg2directxgame\x64\release\logger.obj
c:\users\k023g\source\repos\cg2-ge3\cg2directxgame\cg2directxgame\x64\release\stringutility.obj
c:\users\k023g\source\repos\cg2-ge3\cg2directxgame\cg2directxgame\x64\release\d3dresourceleakchecker.obj
c:\users\k023g\source\repos\cg2-ge3\cg2directxgame\cg2directxgame\x64\release\renderingpipeline.obj
c:\users\k023g\source\repos\cg2-ge3\cg2directxgame\cg2directxgame\x64\release\directxcommon.obj
c:\users\k023g\source\repos\cg2-ge3\cg2directxgame\cg2directxgame\x64\release\model.obj
c:\users\k023g\source\repos\cg2-ge3\cg2directxgame\cg2directxgame\x64\release\modelcommon.obj
c:\users\k023g\source\repos\cg2-ge3\cg2directxgame\cg2directxgame\x64\release\modelmanager.obj
c:\users\k023g\source\repos\cg2-ge3\cg2directxgame\cg2directxgame\x64\release\object3d.obj
c:\users\k023g\source\repos\cg2-ge3\cg2directxgame\cg2directxgame\x64\release\object3dcommon.obj
c:\users\k023g\source\repos\cg2-ge3\cg2directxgame\cg2directxgame\x64\release\sprite.obj
c:\users\k023g\source\repos\cg2-ge3\cg2directxgame\cg2directxgame\x64\release\spritecommon.obj
c:\users\k023g\source\repos\cg2-ge3\cg2directxgame\cg2directxgame\x64\release\texturemanager.obj
c:\users\k023g\source\repos\cg2-ge3\cg2directxgame\x64\release\cg2directxgame.exe
c:\users\k023g\source\repos\cg2-ge3\cg2directxgame\x64\release\cg2directxgame.pdb
c:\users\k023g\source\repos\cg2-ge3\cg2directxgame\cg2directxgame\x64\release\cg2directxgame.ipdb
c:\users\k023g\source\repos\cg2-ge3\cg2directxgame\cg2directxgame\x64\release\cg2directxgame.iobj
c:\users\k023g\source\repos\cg2-ge3\cg2directxgame\cg2directxgame\x64\release\cg2directxgame.tlog\cl.command.1.tlog
c:\users\k023g\source\repos\cg2-ge3\cg2directxgame\cg2directxgame\x64\release\cg2directxgame.tlog\cl.items.tlog
c:\users\k023g\source\repos\cg2-ge3\cg2directxgame\cg2directxgame\x64\release\cg2directxgame.tlog\cl.read.1.tlog
c:\users\k023g\source\repos\cg2-ge3\cg2directxgame\cg2directxgame\x64\release\cg2directxgame.tlog\cl.write.1.tlog
c:\users\k023g\source\repos\cg2-ge3\cg2directxgame\cg2directxgame\x64\release\cg2directxgame.tlog\link.command.1.tlog
c:\users\k023g\source\repos\cg2-ge3\cg2directxgame\cg2directxgame\x64\release\cg2directxgame.tlog\link.read.1.tlog
c:\users\k023g\source\repos\cg2-ge3\cg2directxgame\cg2directxgame\x64\release\cg2directxgame.tlog\link.secondary.1.tlog
c:\users\k023g\source\repos\cg2-ge3\cg2directxgame\cg2directxgame\x64\release\cg2directxgame.tlog\link.write.1.tlog
